Build started 1/3/2021 12:17:53 PM.
     1>Project "T:\visual studio 2012\Projects\Env_Generator\Env_Generator\Env_Generator.vcxproj" on node 2 (Rebuild target(s)).
     1>ClCompile:
         P:\Visual Studio 11.0\VC\bin\CL.exe /c /ZI /nologo /W3 /WX- /Od /Oy- /D _CRT_SECURE_NO_WARNINGS /D _CRT_NONSTDC_NO_DEPRECATE /D _MBCS /Gm /EHsc /RTC1 /MDd /GS /fp:precise /Zc:wchar_t /Zc:forScope /Fo"Debug\\" /Fd"Debug\vc110.pdb" /Gd /TP /analyze- /errorReport:prompt 3DTexture.cpp AllUnits.cpp baseBuilding.cpp Box.cpp camera.cpp Cupe.cpp Model_3DS.cpp Sound.cpp Source.cpp Street.cpp texture.cpp unit.cpp
         unit.cpp
         texture.cpp
         Street.cpp
         Source.cpp
         Sound.cpp
     1>t:\visual studio 2012\projects\env_generator\env_generator\sound.cpp(8): warning C4101: 'defaultDevice' : unreferenced local variable
         Model_3DS.cpp
         Cupe.cpp
     1>t:\visual studio 2012\projects\env_generator\env_generator\cupe.cpp(51): warning C4244: 'argument' : conversion from 'int' to 'float', possible loss of data
     1>t:\visual studio 2012\projects\env_generator\env_generator\cupe.cpp(54): warning C4244: 'argument' : conversion from 'int' to 'float', possible loss of data
     1>t:\visual studio 2012\projects\env_generator\env_generator\cupe.cpp(57): warning C4244: 'argument' : conversion from 'int' to 'float', possible loss of data
     1>t:\visual studio 2012\projects\env_generator\env_generator\cupe.cpp(60): warning C4244: 'argument' : conversion from 'int' to 'float', possible loss of data
     1>t:\visual studio 2012\projects\env_generator\env_generator\cupe.cpp(63): warning C4244: 'argument' : conversion from 'int' to 'float', possible loss of data
     1>t:\visual studio 2012\projects\env_generator\env_generator\cupe.cpp(66): warning C4244: 'argument' : conversion from 'int' to 'float', possible loss of data
     1>t:\visual studio 2012\projects\env_generator\env_generator\cupe.cpp(72): warning C4244: 'argument' : conversion from 'int' to 'float', possible loss of data
     1>t:\visual studio 2012\projects\env_generator\env_generator\cupe.cpp(125): warning C4244: 'argument' : conversion from 'int' to 'GLfloat', possible loss of data
     1>t:\visual studio 2012\projects\env_generator\env_generator\cupe.cpp(126): warning C4244: 'argument' : conversion from 'double' to 'GLshort', possible loss of data
     1>t:\visual studio 2012\projects\env_generator\env_generator\cupe.cpp(126): warning C4244: 'argument' : conversion from 'int' to 'GLfloat', possible loss of data
     1>t:\visual studio 2012\projects\env_generator\env_generator\cupe.cpp(127): warning C4244: 'argument' : conversion from 'int' to 'GLfloat', possible loss of data
     1>t:\visual studio 2012\projects\env_generator\env_generator\cupe.cpp(128): warning C4244: 'argument' : conversion from 'int' to 'GLfloat', possible loss of data
     1>t:\visual studio 2012\projects\env_generator\env_generator\cupe.cpp(136): warning C4244: 'argument' : conversion from 'int' to 'GLfloat', possible loss of data
     1>t:\visual studio 2012\projects\env_generator\env_generator\cupe.cpp(136): warning C4305: 'argument' : truncation from 'double' to 'GLfloat'
     1>t:\visual studio 2012\projects\env_generator\env_generator\cupe.cpp(137): warning C4244: 'argument' : conversion from 'int' to 'GLfloat', possible loss of data
     1>t:\visual studio 2012\projects\env_generator\env_generator\cupe.cpp(137): warning C4305: 'argument' : truncation from 'double' to 'GLfloat'
     1>t:\visual studio 2012\projects\env_generator\env_generator\cupe.cpp(138): warning C4244: 'argument' : conversion from 'int' to 'GLfloat', possible loss of data
     1>t:\visual studio 2012\projects\env_generator\env_generator\cupe.cpp(138): warning C4305: 'argument' : truncation from 'double' to 'GLfloat'
     1>t:\visual studio 2012\projects\env_generator\env_generator\cupe.cpp(139): warning C4244: 'argument' : conversion from 'int' to 'GLfloat', possible loss of data
     1>t:\visual studio 2012\projects\env_generator\env_generator\cupe.cpp(139): warning C4305: 'argument' : truncation from 'double' to 'GLfloat'
     1>t:\visual studio 2012\projects\env_generator\env_generator\cupe.cpp(145): warning C4244: 'argument' : conversion from 'int' to 'GLfloat', possible loss of data
     1>t:\visual studio 2012\projects\env_generator\env_generator\cupe.cpp(145): warning C4305: 'argument' : truncation from 'double' to 'GLfloat'
     1>t:\visual studio 2012\projects\env_generator\env_generator\cupe.cpp(146): warning C4244: 'argument' : conversion from 'int' to 'GLfloat', possible loss of data
     1>t:\visual studio 2012\projects\env_generator\env_generator\cupe.cpp(146): warning C4305: 'argument' : truncation from 'double' to 'GLfloat'
     1>t:\visual studio 2012\projects\env_generator\env_generator\cupe.cpp(147): warning C4244: 'argument' : conversion from 'int' to 'GLfloat', possible loss of data
     1>t:\visual studio 2012\projects\env_generator\env_generator\cupe.cpp(147): warning C4305: 'argument' : truncation from 'double' to 'GLfloat'
     1>t:\visual studio 2012\projects\env_generator\env_generator\cupe.cpp(148): warning C4244: 'argument' : conversion from 'int' to 'GLfloat', possible loss of data
     1>t:\visual studio 2012\projects\env_generator\env_generator\cupe.cpp(148): warning C4305: 'argument' : truncation from 'double' to 'GLfloat'
     1>t:\visual studio 2012\projects\env_generator\env_generator\cupe.cpp(156): warning C4244: 'argument' : conversion from 'int' to 'GLfloat', possible loss of data
     1>t:\visual studio 2012\projects\env_generator\env_generator\cupe.cpp(157): warning C4244: 'argument' : conversion from 'int' to 'GLfloat', possible loss of data
     1>t:\visual studio 2012\projects\env_generator\env_generator\cupe.cpp(158): warning C4244: 'argument' : conversion from 'int' to 'GLfloat', possible loss of data
     1>t:\visual studio 2012\projects\env_generator\env_generator\cupe.cpp(159): warning C4244: 'argument' : conversion from 'int' to 'GLfloat', possible loss of data
     1>t:\visual studio 2012\projects\env_generator\env_generator\cupe.cpp(167): warning C4244: 'argument' : conversion from 'int' to 'GLfloat', possible loss of data
     1>t:\visual studio 2012\projects\env_generator\env_generator\cupe.cpp(168): warning C4244: 'argument' : conversion from 'int' to 'GLfloat', possible loss of data
     1>t:\visual studio 2012\projects\env_generator\env_generator\cupe.cpp(169): warning C4244: 'argument' : conversion from 'int' to 'GLfloat', possible loss of data
     1>t:\visual studio 2012\projects\env_generator\env_generator\cupe.cpp(170): warning C4244: 'argument' : conversion from 'int' to 'GLfloat', possible loss of data
     1>t:\visual studio 2012\projects\env_generator\env_generator\cupe.cpp(176): warning C4244: 'argument' : conversion from 'int' to 'GLfloat', possible loss of data
     1>t:\visual studio 2012\projects\env_generator\env_generator\cupe.cpp(177): warning C4244: 'argument' : conversion from 'int' to 'GLfloat', possible loss of data
     1>t:\visual studio 2012\projects\env_generator\env_generator\cupe.cpp(178): warning C4244: 'argument' : conversion from 'int' to 'GLfloat', possible loss of data
     1>t:\visual studio 2012\projects\env_generator\env_generator\cupe.cpp(179): warning C4244: 'argument' : conversion from 'int' to 'GLfloat', possible loss of data
     1>t:\visual studio 2012\projects\env_generator\env_generator\cupe.cpp(185): warning C4244: 'argument' : conversion from 'int' to 'GLfloat', possible loss of data
     1>t:\visual studio 2012\projects\env_generator\env_generator\cupe.cpp(186): warning C4244: 'argument' : conversion from 'int' to 'GLfloat', possible loss of data
     1>t:\visual studio 2012\projects\env_generator\env_generator\cupe.cpp(187): warning C4244: 'argument' : conversion from 'int' to 'GLfloat', possible loss of data
     1>t:\visual studio 2012\projects\env_generator\env_generator\cupe.cpp(188): warning C4244: 'argument' : conversion from 'int' to 'GLfloat', possible loss of data
     1>t:\visual studio 2012\projects\env_generator\env_generator\cupe.cpp(194): warning C4244: 'argument' : conversion from 'int' to 'GLfloat', possible loss of data
     1>t:\visual studio 2012\projects\env_generator\env_generator\cupe.cpp(195): warning C4244: 'argument' : conversion from 'int' to 'GLfloat', possible loss of data
     1>t:\visual studio 2012\projects\env_generator\env_generator\cupe.cpp(196): warning C4244: 'argument' : conversion from 'int' to 'GLfloat', possible loss of data
     1>t:\visual studio 2012\projects\env_generator\env_generator\cupe.cpp(197): warning C4244: 'argument' : conversion from 'int' to 'GLfloat', possible loss of data
         camera.cpp
     1>t:\visual studio 2012\projects\env_generator\env_generator\camera.cpp(169): warning C4018: '<' : signed/unsigned mismatch
         Box.cpp
     1>t:\visual studio 2012\projects\env_generator\env_generator\box.cpp(54): warning C4244: 'argument' : conversion from 'double' to 'GLshort', possible loss of data
         baseBuilding.cpp
     1>t:\visual studio 2012\projects\env_generator\env_generator\basebuilding.cpp(44): warning C4244: 'argument' : conversion from 'int' to 'float', possible loss of data
     1>t:\visual studio 2012\projects\env_generator\env_generator\basebuilding.cpp(48): warning C4244: 'argument' : conversion from 'int' to 'float', possible loss of data
     1>t:\visual studio 2012\projects\env_generator\env_generator\basebuilding.cpp(52): warning C4244: 'argument' : conversion from 'int' to 'float', possible loss of data
     1>t:\visual studio 2012\projects\env_generator\env_generator\basebuilding.cpp(56): warning C4244: 'argument' : conversion from 'int' to 'float', possible loss of data
     1>t:\visual studio 2012\projects\env_generator\env_generator\basebuilding.cpp(61): warning C4244: 'argument' : conversion from 'int' to 'float', possible loss of data
     1>t:\visual studio 2012\projects\env_generator\env_generator\basebuilding.cpp(66): warning C4244: 'argument' : conversion from 'int' to 'float', possible loss of data
     1>t:\visual studio 2012\projects\env_generator\env_generator\basebuilding.cpp(69): warning C4244: 'argument' : conversion from 'int' to 'float', possible loss of data
     1>t:\visual studio 2012\projects\env_generator\env_generator\basebuilding.cpp(83): warning C4244: 'argument' : conversion from 'double' to 'float', possible loss of data
     1>t:\visual studio 2012\projects\env_generator\env_generator\basebuilding.cpp(84): warning C4305: 'argument' : truncation from 'double' to 'float'
     1>t:\visual studio 2012\projects\env_generator\env_generator\basebuilding.cpp(84): warning C4244: 'argument' : conversion from 'double' to 'float', possible loss of data
     1>t:\visual studio 2012\projects\env_generator\env_generator\basebuilding.cpp(85): warning C4244: 'argument' : conversion from 'double' to 'float', possible loss of data
     1>t:\visual studio 2012\projects\env_generator\env_generator\basebuilding.cpp(92): warning C4244: 'argument' : conversion from 'int' to 'float', possible loss of data
     1>t:\visual studio 2012\projects\env_generator\env_generator\basebuilding.cpp(96): warning C4244: 'argument' : conversion from 'int' to 'float', possible loss of data
     1>t:\visual studio 2012\projects\env_generator\env_generator\basebuilding.cpp(100): warning C4244: 'argument' : conversion from 'double' to 'float', possible loss of data
     1>t:\visual studio 2012\projects\env_generator\env_generator\basebuilding.cpp(101): warning C4305: 'argument' : truncation from 'double' to 'float'
     1>t:\visual studio 2012\projects\env_generator\env_generator\basebuilding.cpp(101): warning C4244: 'argument' : conversion from 'double' to 'float', possible loss of data
     1>t:\visual studio 2012\projects\env_generator\env_generator\basebuilding.cpp(102): warning C4244: 'argument' : conversion from 'double' to 'float', possible loss of data
     1>t:\visual studio 2012\projects\env_generator\env_generator\basebuilding.cpp(109): warning C4244: 'argument' : conversion from 'int' to 'float', possible loss of data
     1>t:\visual studio 2012\projects\env_generator\env_generator\basebuilding.cpp(112): warning C4244: 'argument' : conversion from 'int' to 'float', possible loss of data
     1>t:\visual studio 2012\projects\env_generator\env_generator\basebuilding.cpp(119): warning C4244: 'argument' : conversion from 'int' to 'float', possible loss of data
     1>t:\visual studio 2012\projects\env_generator\env_generator\basebuilding.cpp(134): warning C4244: 'initializing' : conversion from 'int' to 'float', possible loss of data
     1>t:\visual studio 2012\projects\env_generator\env_generator\basebuilding.cpp(150): warning C4305: 'argument' : truncation from 'double' to 'GLfloat'
     1>t:\visual studio 2012\projects\env_generator\env_generator\basebuilding.cpp(151): warning C4305: 'argument' : truncation from 'double' to 'GLfloat'
     1>t:\visual studio 2012\projects\env_generator\env_generator\basebuilding.cpp(152): warning C4305: 'argument' : truncation from 'double' to 'GLfloat'
     1>t:\visual studio 2012\projects\env_generator\env_generator\basebuilding.cpp(153): warning C4305: 'argument' : truncation from 'double' to 'GLfloat'
     1>t:\visual studio 2012\projects\env_generator\env_generator\basebuilding.cpp(165): warning C4244: 'argument' : conversion from 'int' to 'GLfloat', possible loss of data
     1>t:\visual studio 2012\projects\env_generator\env_generator\basebuilding.cpp(166): warning C4244: 'argument' : conversion from 'int' to 'GLfloat', possible loss of data
     1>t:\visual studio 2012\projects\env_generator\env_generator\basebuilding.cpp(173): warning C4244: 'argument' : conversion from 'int' to 'GLfloat', possible loss of data
     1>t:\visual studio 2012\projects\env_generator\env_generator\basebuilding.cpp(174): warning C4244: 'argument' : conversion from 'int' to 'GLfloat', possible loss of data
     1>t:\visual studio 2012\projects\env_generator\env_generator\basebuilding.cpp(206): warning C4244: '=' : conversion from 'double' to 'float', possible loss of data
     1>t:\visual studio 2012\projects\env_generator\env_generator\basebuilding.cpp(210): warning C4244: '=' : conversion from 'double' to 'float', possible loss of data
     1>t:\visual studio 2012\projects\env_generator\env_generator\basebuilding.cpp(215): warning C4244: 'argument' : conversion from 'double' to 'GLshort', possible loss of data
     1>t:\visual studio 2012\projects\env_generator\env_generator\basebuilding.cpp(222): warning C4244: 'argument' : conversion from 'double' to 'GLshort', possible loss of data
     1>t:\visual studio 2012\projects\env_generator\env_generator\basebuilding.cpp(232): warning C4244: 'argument' : conversion from 'double' to 'GLshort', possible loss of data
     1>t:\visual studio 2012\projects\env_generator\env_generator\basebuilding.cpp(239): warning C4244: 'argument' : conversion from 'double' to 'GLshort', possible loss of data
     1>t:\visual studio 2012\projects\env_generator\env_generator\basebuilding.cpp(252): warning C4244: 'argument' : conversion from 'double' to 'GLfloat', possible loss of data
     1>t:\visual studio 2012\projects\env_generator\env_generator\basebuilding.cpp(253): warning C4244: 'argument' : conversion from 'double' to 'GLfloat', possible loss of data
     1>t:\visual studio 2012\projects\env_generator\env_generator\basebuilding.cpp(258): warning C4244: 'argument' : conversion from 'double' to 'GLfloat', possible loss of data
     1>t:\visual studio 2012\projects\env_generator\env_generator\basebuilding.cpp(261): warning C4244: 'argument' : conversion from 'double' to 'GLfloat', possible loss of data
     1>t:\visual studio 2012\projects\env_generator\env_generator\basebuilding.cpp(265): warning C4244: 'argument' : conversion from 'double' to 'GLfloat', possible loss of data
     1>t:\visual studio 2012\projects\env_generator\env_generator\basebuilding.cpp(266): warning C4244: 'argument' : conversion from 'double' to 'GLfloat', possible loss of data
     1>t:\visual studio 2012\projects\env_generator\env_generator\basebuilding.cpp(267): warning C4244: 'argument' : conversion from 'double' to 'GLfloat', possible loss of data
     1>t:\visual studio 2012\projects\env_generator\env_generator\basebuilding.cpp(268): warning C4244: 'argument' : conversion from 'double' to 'GLfloat', possible loss of data
     1>t:\visual studio 2012\projects\env_generator\env_generator\basebuilding.cpp(275): warning C4244: 'argument' : conversion from 'double' to 'GLfloat', possible loss of data
     1>t:\visual studio 2012\projects\env_generator\env_generator\basebuilding.cpp(276): warning C4244: 'argument' : conversion from 'double' to 'GLfloat', possible loss of data
     1>t:\visual studio 2012\projects\env_generator\env_generator\basebuilding.cpp(281): warning C4244: 'argument' : conversion from 'double' to 'GLfloat', possible loss of data
     1>t:\visual studio 2012\projects\env_generator\env_generator\basebuilding.cpp(284): warning C4244: 'argument' : conversion from 'double' to 'GLfloat', possible loss of data
     1>t:\visual studio 2012\projects\env_generator\env_generator\basebuilding.cpp(288): warning C4244: 'argument' : conversion from 'double' to 'GLfloat', possible loss of data
     1>t:\visual studio 2012\projects\env_generator\env_generator\basebuilding.cpp(289): warning C4244: 'argument' : conversion from 'double' to 'GLfloat', possible loss of data
     1>t:\visual studio 2012\projects\env_generator\env_generator\basebuilding.cpp(290): warning C4244: 'argument' : conversion from 'double' to 'GLfloat', possible loss of data
     1>t:\visual studio 2012\projects\env_generator\env_generator\basebuilding.cpp(291): warning C4244: 'argument' : conversion from 'double' to 'GLfloat', possible loss of data
     1>t:\visual studio 2012\projects\env_generator\env_generator\basebuilding.cpp(336): warning C4244: '=' : conversion from 'double' to 'float', possible loss of data
     1>t:\visual studio 2012\projects\env_generator\env_generator\basebuilding.cpp(337): warning C4244: '=' : conversion from 'double' to 'int', possible loss of data
     1>t:\visual studio 2012\projects\env_generator\env_generator\basebuilding.cpp(342): warning C4244: 'argument' : conversion from 'double' to 'GLshort', possible loss of data
     1>t:\visual studio 2012\projects\env_generator\env_generator\basebuilding.cpp(352): warning C4244: 'argument' : conversion from 'double' to 'GLfloat', possible loss of data
     1>t:\visual studio 2012\projects\env_generator\env_generator\basebuilding.cpp(353): warning C4244: 'argument' : conversion from 'double' to 'GLfloat', possible loss of data
     1>t:\visual studio 2012\projects\env_generator\env_generator\basebuilding.cpp(358): warning C4244: 'argument' : conversion from 'double' to 'GLfloat', possible loss of data
     1>t:\visual studio 2012\projects\env_generator\env_generator\basebuilding.cpp(361): warning C4244: 'argument' : conversion from 'double' to 'GLfloat', possible loss of data
     1>t:\visual studio 2012\projects\env_generator\env_generator\basebuilding.cpp(365): warning C4244: 'argument' : conversion from 'double' to 'GLfloat', possible loss of data
     1>t:\visual studio 2012\projects\env_generator\env_generator\basebuilding.cpp(366): warning C4244: 'argument' : conversion from 'double' to 'GLfloat', possible loss of data
     1>t:\visual studio 2012\projects\env_generator\env_generator\basebuilding.cpp(367): warning C4244: 'argument' : conversion from 'double' to 'GLfloat', possible loss of data
     1>t:\visual studio 2012\projects\env_generator\env_generator\basebuilding.cpp(368): warning C4244: 'argument' : conversion from 'double' to 'GLfloat', possible loss of data
     1>t:\visual studio 2012\projects\env_generator\env_generator\basebuilding.cpp(383): warning C4244: 'argument' : conversion from 'double' to 'GLfloat', possible loss of data
     1>t:\visual studio 2012\projects\env_generator\env_generator\basebuilding.cpp(384): warning C4244: 'argument' : conversion from 'double' to 'GLfloat', possible loss of data
     1>t:\visual studio 2012\projects\env_generator\env_generator\basebuilding.cpp(385): warning C4244: 'argument' : conversion from 'double' to 'GLfloat', possible loss of data
     1>t:\visual studio 2012\projects\env_generator\env_generator\basebuilding.cpp(386): warning C4244: 'argument' : conversion from 'double' to 'GLfloat', possible loss of data
     1>t:\visual studio 2012\projects\env_generator\env_generator\basebuilding.cpp(420): warning C4244: 'argument' : conversion from 'int' to 'float', possible loss of data
     1>t:\visual studio 2012\projects\env_generator\env_generator\basebuilding.cpp(421): warning C4244: 'argument' : conversion from 'int' to 'float', possible loss of data
     1>t:\visual studio 2012\projects\env_generator\env_generator\basebuilding.cpp(426): warning C4244: 'argument' : conversion from 'int' to 'float', possible loss of data
     1>t:\visual studio 2012\projects\env_generator\env_generator\basebuilding.cpp(427): warning C4244: 'argument' : conversion from 'int' to 'float', possible loss of data
     1>t:\visual studio 2012\projects\env_generator\env_generator\basebuilding.cpp(431): warning C4244: 'argument' : conversion from 'int' to 'float', possible loss of data
         AllUnits.cpp
         3DTexture.cpp
         Generating Code...
       Link:
         P:\Visual Studio 11.0\VC\bin\link.exe /ERRORREPORT:PROMPT /OUT:"T:\visual studio 2012\Projects\Env_Generator\Debug\Env_Generator.exe" /INCREMENTAL /NOLOGO GLAUX.lib GLU32.lib glut.lib OPENGL32.lib glut32.lib OpenAL32.lib alut.lib kernel32.lib user32.lib gdi32.lib winspool.lib comdlg32.lib advapi32.lib shell32.lib ole32.lib oleaut32.lib uuid.lib odbc32.lib odbccp32.lib /MANIFEST /MANIFESTUAC:"level='asInvoker' uiAccess='false'" /manifest:embed /DEBUG /PDB:"T:\visual studio 2012\Projects\Env_Generator\Debug\Env_Generator.pdb" /TLBID:1 /DYNAMICBASE /NXCOMPAT /IMPLIB:"T:\visual studio 2012\Projects\Env_Generator\Debug\Env_Generator.lib" /MACHINE:X86 Debug\3DTexture.obj
         Debug\AllUnits.obj
         Debug\baseBuilding.obj
         Debug\Box.obj
         Debug\camera.obj
         Debug\Cupe.obj
         Debug\Model_3DS.obj
         Debug\Sound.obj
         Debug\Source.obj
         Debug\Street.obj
         Debug\texture.obj
         Debug\unit.obj
     1>LINK : warning LNK4031: no subsystem specified; CONSOLE assumed
         Env_Generator.vcxproj -> T:\visual studio 2012\Projects\Env_Generator\Debug\Env_Generator.exe
     1>Done Building Project "T:\visual studio 2012\Projects\Env_Generator\Env_Generator\Env_Generator.vcxproj" (Rebuild target(s)).

Build succeeded.

Time Elapsed 00:00:05.61
