T:\VISUAL STUDIO 2012\PROJECTS\ENV_GENERATOR\ENV_GENERATOR\DEBUG\3DTEXTURE.OBJ
T:\VISUAL STUDIO 2012\PROJECTS\ENV_GENERATOR\ENV_GENERATOR\DEBUG\ALLUNITS.OBJ
T:\VISUAL STUDIO 2012\PROJECTS\ENV_GENERATOR\ENV_GENERATOR\DEBUG\BASEBUILDING.OBJ
T:\VISUAL STUDIO 2012\PROJECTS\ENV_GENERATOR\ENV_GENERATOR\DEBUG\BOX.OBJ
T:\VISUAL STUDIO 2012\PROJECTS\ENV_GENERATOR\ENV_GENERATOR\DEBUG\CAMERA.OBJ
T:\VISUAL STUDIO 2012\PROJECTS\ENV_GENERATOR\ENV_GENERATOR\DEBUG\CUPE.OBJ
T:\VISUAL STUDIO 2012\PROJECTS\ENV_GENERATOR\ENV_GENERATOR\DEBUG\MODEL_3DS.OBJ
T:\VISUAL STUDIO 2012\PROJECTS\ENV_GENERATOR\ENV_GENERATOR\DEBUG\SOUND.OBJ
T:\VISUAL STUDIO 2012\PROJECTS\ENV_GENERATOR\ENV_GENERATOR\DEBUG\SOURCE.OBJ
T:\VISUAL STUDIO 2012\PROJECTS\ENV_GENERATOR\ENV_GENERATOR\DEBUG\STREET.OBJ
T:\VISUAL STUDIO 2012\PROJECTS\ENV_GENERATOR\ENV_GENERATOR\DEBUG\TEXTURE.OBJ
T:\VISUAL STUDIO 2012\PROJECTS\ENV_GENERATOR\ENV_GENERATOR\DEBUG\UNIT.OBJ
T:\VISUAL STUDIO 2012\PROJECTS\ENV_GENERATOR\ENV_GENERATOR\DEBUG\VC110.PDB
T:\VISUAL STUDIO 2012\PROJECTS\ENV_GENERATOR\DEBUG\ENV_GENERATOR.ILK
T:\VISUAL STUDIO 2012\PROJECTS\ENV_GENERATOR\DEBUG\ENV_GENERATOR.EXE
T:\VISUAL STUDIO 2012\PROJECTS\ENV_GENERATOR\DEBUG\ENV_GENERATOR.PDB
T:\visual studio 2012\Projects\Env_Generator\Env_Generator\Debug\3DTexture.obj
T:\visual studio 2012\Projects\Env_Generator\Env_Generator\Debug\AllUnits.obj
T:\visual studio 2012\Projects\Env_Generator\Env_Generator\Debug\baseBuilding.obj
T:\visual studio 2012\Projects\Env_Generator\Env_Generator\Debug\Box.obj
T:\visual studio 2012\Projects\Env_Generator\Env_Generator\Debug\camera.obj
T:\visual studio 2012\Projects\Env_Generator\Env_Generator\Debug\Cupe.obj
T:\visual studio 2012\Projects\Env_Generator\Env_Generator\Debug\Model_3DS.obj
T:\visual studio 2012\Projects\Env_Generator\Env_Generator\Debug\Sound.obj
T:\visual studio 2012\Projects\Env_Generator\Env_Generator\Debug\Source.obj
T:\visual studio 2012\Projects\Env_Generator\Env_Generator\Debug\Street.obj
T:\visual studio 2012\Projects\Env_Generator\Env_Generator\Debug\texture.obj
T:\visual studio 2012\Projects\Env_Generator\Env_Generator\Debug\unit.obj
T:\visual studio 2012\Projects\Env_Generator\Env_Generator\Debug\cl.command.1.tlog
T:\visual studio 2012\Projects\Env_Generator\Env_Generator\Debug\CL.read.1.tlog
T:\visual studio 2012\Projects\Env_Generator\Env_Generator\Debug\CL.write.1.tlog
T:\visual studio 2012\Projects\Env_Generator\Env_Generator\Debug\link-cvtres.read.1.tlog
T:\visual studio 2012\Projects\Env_Generator\Env_Generator\Debug\link-cvtres.write.1.tlog
T:\visual studio 2012\Projects\Env_Generator\Env_Generator\Debug\link-rc.read.1.tlog
T:\visual studio 2012\Projects\Env_Generator\Env_Generator\Debug\link-rc.write.1.tlog
T:\visual studio 2012\Projects\Env_Generator\Env_Generator\Debug\link.command.1.tlog
T:\visual studio 2012\Projects\Env_Generator\Env_Generator\Debug\link.read.1.tlog
T:\visual studio 2012\Projects\Env_Generator\Env_Generator\Debug\link.write.1.tlog
T:\visual studio 2012\Projects\Env_Generator\Env_Generator\Debug\vc110.idb
T:\visual studio 2012\Projects\Env_Generator\Env_Generator\Debug\vc110.pdb
T:\visual studio 2012\Projects\Env_Generator\Debug\Env_Generator.pdb
T:\visual studio 2012\Projects\Env_Generator\Debug\Env_Generator.exe
T:\visual studio 2012\Projects\Env_Generator\Debug\Env_Generator.ilk
